#
# A fatal error has been detected by the Java Runtime Environment:
#
#  EXCEPTION_ACCESS_VIOLATION (0xc0000005) at pc=0xffffffffa3ed5120, pid=10132, tid=0x0000000000001fcc
#
# JRE version: Java(TM) SE Runtime Environment (8.0_111-b14) (build 1.8.0_111-b14)
# Java VM: Java HotSpot(TM) 64-Bit Server VM (25.111-b14 mixed mode windows-amd64 compressed oops)
# Problematic frame:
# C  0xffffffffa3ed5120
#
# Failed to write core dump. Minidumps are not enabled by default on client versions of Windows
#
# If you would like to submit a bug report, please visit:
#   http://bugreport.java.com/bugreport/crash.jsp
#

---------------  T H R E A D  ---------------

Current thread (0x0000000002dce800):  JavaThread "main" [_thread_in_Java, id=8140, stack(0x0000000002c50000,0x0000000002d50000)]

siginfo: ExceptionCode=0xc0000005, ExceptionInformation=0x0000000000000008 0xffffffffa3ed5120

Registers:
RAX=0x000000000000000e, RBX=0x00000000eb065240, RCX=0x0000000017dddd80, RDX=0x00000000eb065240
RSP=0x0000000002d4d588, RBP=0x0000000002d4d6c8, RSI=0x0000000000000c3d, RDI=0x000000000000000e
R8 =0x00000000eb0c36a0, R9 =0x0000000000000c3d, R10=0x0000000002faf080, R11=0x00000000000002b4
R12=0x0000000000000000, R13=0x0000000002d4d670, R14=0x0000000017e41dc8, R15=0x0000000002dce800
RIP=0xffffffffa3ed5120, EFLAGS=0x0000000000010206

Top of Stack: (sp=0x0000000002d4d588)
0x0000000002d4d588:   0000000003195c6c 0000000002d4d590
0x0000000002d4d598:   0000000017dc743b 0000000002d4d610
0x0000000002d4d5a8:   0000000017dcd8e0 0000000000000000
0x0000000002d4d5b8:   0000000017dc74a8 0000000000000000
0x0000000002d4d5c8:   0000000002d4d5e8 0000000002d4d658
0x0000000002d4d5d8:   0000000002ed7e20 00000000eb066080
0x0000000002d4d5e8:   00000000eb0669f0 00000000c00015b8
0x0000000002d4d5f8:   00000c4000000003 00000c4000000c3d
0x0000000002d4d608:   00000c4000000003 0000000e00000c3d
0x0000000002d4d618:   0000000002d4d618 0000000014fddf50
0x0000000002d4d628:   0000000002d4d678 0000000014fde390
0x0000000002d4d638:   0000000017e41368 0000000014fde008
0x0000000002d4d648:   0000000000000000 0000000002d4d6c8
0x0000000002d4d658:   0000000002ed7870 0000000002ed7e20
0x0000000002d4d668:   0000000002ed7870 00000000c00015b8
0x0000000002d4d678:   00000000eb0669f0 00000000eb066080 

Instructions: (pc=0xffffffffa3ed5120)
0xffffffffa3ed5100:   
[error occurred during error reporting (printing registers, top of stack, instructions near pc), id 0xc0000005]

Register to memory mapping:

RAX=0x000000000000000e is an unknown value
RBX=0x00000000eb065240 is an oop
com.sun.org.apache.xerces.internal.util.SymbolTable 
 - klass: 'com/sun/org/apache/xerces/internal/util/SymbolTable'
RCX=0x0000000017dddd80 is pointing into metadata
RDX=0x00000000eb065240 is an oop
com.sun.org.apache.xerces.internal.util.SymbolTable 
 - klass: 'com/sun/org/apache/xerces/internal/util/SymbolTable'
RSP=0x0000000002d4d588 is pointing into the stack for thread: 0x0000000002dce800
RBP=0x0000000002d4d6c8 is pointing into the stack for thread: 0x0000000002dce800
RSI=0x0000000000000c3d is an unknown value
RDI=0x000000000000000e is an unknown value
R8 =0x00000000eb0c36a0 is an oop
[C 
 - klass: {type array char}
 - length: 8192
R9 =0x0000000000000c3d is an unknown value
R10=0x0000000002faf080 is at code_begin+466528 in 
[CodeBlob (0x0000000002f3d1d0)]
Framesize: 0
BufferBlob (0x0000000002f3d1d0) used for C1 temporary CodeBuffer
R11=0x00000000000002b4 is an unknown value
R12=0x0000000000000000 is an unknown value
R13=0x0000000002d4d670 is pointing into the stack for thread: 0x0000000002dce800
R14=0x0000000017e41dc8 is pointing into metadata
R15=0x0000000002dce800 is a thread


Stack: [0x0000000002c50000,0x0000000002d50000],  sp=0x0000000002d4d588,  free space=1013k
Native frames: (J=compiled Java code, j=interpreted, Vv=VM code, C=native code)
C  0xffffffffa3ed5120


---------------  P R O C E S S  ---------------

Java Threads: ( => current thread )
  0x0000000016c66000 JavaThread "ReaderThread" [_thread_in_native, id=308, stack(0x00000000173f0000,0x00000000174f0000)]
  0x000000001697b000 JavaThread "Service Thread" daemon [_thread_blocked, id=6088, stack(0x00000000171f0000,0x00000000172f0000)]
  0x00000000168ff000 JavaThread "C1 CompilerThread2" daemon [_thread_blocked, id=6052, stack(0x00000000170f0000,0x00000000171f0000)]
  0x00000000168fb800 JavaThread "C2 CompilerThread1" daemon [_thread_blocked, id=880, stack(0x0000000016ff0000,0x00000000170f0000)]
  0x00000000155fc000 JavaThread "C2 CompilerThread0" daemon [_thread_blocked, id=10052, stack(0x0000000016ef0000,0x0000000016ff0000)]
  0x00000000168f8800 JavaThread "Attach Listener" daemon [_thread_blocked, id=9024, stack(0x0000000016df0000,0x0000000016ef0000)]
  0x0000000015598000 JavaThread "Signal Dispatcher" daemon [_thread_blocked, id=9852, stack(0x0000000016cf0000,0x0000000016df0000)]
  0x0000000002ecd800 JavaThread "Finalizer" daemon [_thread_blocked, id=7044, stack(0x00000000167f0000,0x00000000168f0000)]
  0x0000000002ec2000 JavaThread "Reference Handler" daemon [_thread_blocked, id=1060, stack(0x00000000166f0000,0x00000000167f0000)]
=>0x0000000002dce800 JavaThread "main" [_thread_in_Java, id=8140, stack(0x0000000002c50000,0x0000000002d50000)]

Other Threads:
  0x0000000015567000 VMThread [stack: 0x00000000165f0000,0x00000000166f0000] [id=1956]
  0x00000000169b8800 WatcherThread [stack: 0x00000000172f0000,0x00000000173f0000] [id=6704]

VM state:not at safepoint (normal execution)

VM Mutex/Monitor currently owned by a thread: None

Heap:
 PSYoungGen      total 18944K, used 9578K [0x00000000eab00000, 0x00000000ec000000, 0x0000000100000000)
  eden space 16384K, 42% used [0x00000000eab00000,0x00000000eb1e0bc8,0x00000000ebb00000)
  from space 2560K, 99% used [0x00000000ebb00000,0x00000000ebd79cc8,0x00000000ebd80000)
  to   space 2560K, 0% used [0x00000000ebd80000,0x00000000ebd80000,0x00000000ec000000)
 ParOldGen       total 44032K, used 808K [0x00000000c0000000, 0x00000000c2b00000, 0x00000000eab00000)
  object space 44032K, 1% used [0x00000000c0000000,0x00000000c00ca218,0x00000000c2b00000)
 Metaspace       used 10710K, capacity 10876K, committed 11136K, reserved 1058816K
  class space    used 1277K, capacity 1304K, committed 1408K, reserved 1048576K

Card table byte_map: [0x0000000012290000,0x00000000124a0000] byte_map_base: 0x0000000011c90000

Marking Bits: (ParMarkBitMap*) 0x0000000060d4a6c0
 Begin Bits: [0x0000000012a00000, 0x0000000013a00000)
 End Bits:   [0x0000000013a00000, 0x0000000014a00000)

Polling page: 0x00000000010b0000

CodeCache: size=245760Kb used=2949Kb max_used=2949Kb free=242811Kb
 bounds [0x0000000002ed0000, 0x00000000031c0000, 0x0000000011ed0000]
 total_blobs=1004 nmethods=688 adapters=231
 compilation: enabled

Compilation events (10 events):
Event: 1.029 Thread 0x00000000168ff000  653       1       com.sun.org.apache.xerces.internal.impl.xs.opti.ElementImpl::getSyntheticAnnotation (5 bytes)
Event: 1.029 Thread 0x00000000168ff000 nmethod 653 0x000000000319f8d0 code [0x000000000319fa20, 0x000000000319fb30]
Event: 1.029 Thread 0x00000000168ff000  676       3       com.sun.org.apache.xerces.internal.util.XMLAttributesImpl::getQName (38 bytes)
Event: 1.030 Thread 0x00000000168ff000 nmethod 676 0x000000000319fb90 code [0x000000000319fd00, 0x000000000319ff70]
Event: 1.030 Thread 0x00000000168ff000  679       1       com.sun.org.apache.xerces.internal.impl.xs.XSAttributeDecl::getConstraintType (5 bytes)
Event: 1.030 Thread 0x00000000168ff000 nmethod 679 0x00000000031a0090 code [0x00000000031a01e0, 0x00000000031a02f0]
Event: 1.030 Thread 0x00000000168ff000  673       3       com.sun.org.apache.xerces.internal.impl.XMLNSDocumentScannerImpl::scanAttribute (824 bytes)
Event: 1.030 Thread 0x00000000155fc000  685       4       com.sun.org.apache.xerces.internal.utils.XMLSecurityManager::isOverLimit (10 bytes)
Event: 1.031 Thread 0x00000000168fb800 nmethod 669 0x00000000031a3390 code [0x00000000031a34e0, 0x00000000031a3908]
Event: 1.031 Thread 0x00000000168fb800  686  s    4       java.lang.StringBuffer::append (13 bytes)

GC Heap History (2 events):
Event: 0.805 GC heap before
{Heap before GC invocations=1 (full 0):
 PSYoungGen      total 18944K, used 16384K [0x00000000eab00000, 0x00000000ec000000, 0x0000000100000000)
  eden space 16384K, 100% used [0x00000000eab00000,0x00000000ebb00000,0x00000000ebb00000)
  from space 2560K, 0% used [0x00000000ebd80000,0x00000000ebd80000,0x00000000ec000000)
  to   space 2560K, 0% used [0x00000000ebb00000,0x00000000ebb00000,0x00000000ebd80000)
 ParOldGen       total 44032K, used 0K [0x00000000c0000000, 0x00000000c2b00000, 0x00000000eab00000)
  object space 44032K, 0% used [0x00000000c0000000,0x00000000c0000000,0x00000000c2b00000)
 Metaspace       used 8273K, capacity 8426K, committed 8576K, reserved 1056768K
  class space    used 1001K, capacity 1045K, committed 1152K, reserved 1048576K
Event: 0.812 GC heap after
Heap after GC invocations=1 (full 0):
 PSYoungGen      total 18944K, used 2535K [0x00000000eab00000, 0x00000000ec000000, 0x0000000100000000)
  eden space 16384K, 0% used [0x00000000eab00000,0x00000000eab00000,0x00000000ebb00000)
  from space 2560K, 99% used [0x00000000ebb00000,0x00000000ebd79cc8,0x00000000ebd80000)
  to   space 2560K, 0% used [0x00000000ebd80000,0x00000000ebd80000,0x00000000ec000000)
 ParOldGen       total 44032K, used 808K [0x00000000c0000000, 0x00000000c2b00000, 0x00000000eab00000)
  object space 44032K, 1% used [0x00000000c0000000,0x00000000c00ca218,0x00000000c2b00000)
 Metaspace       used 8273K, capacity 8426K, committed 8576K, reserved 1056768K
  class space    used 1001K, capacity 1045K, committed 1152K, reserved 1048576K
}

Deoptimization events (5 events):
Event: 0.225 Thread 0x0000000002dce800 Uncommon trap: reason=unstable_if action=reinterpret pc=0x0000000002ffe1b8 method=java.lang.String.hashCode()I @ 14
Event: 0.386 Thread 0x0000000002dce800 Uncommon trap: reason=unstable_if action=reinterpret pc=0x0000000003041518 method=java.lang.String.indexOf([CII[CIII)I @ 123
Event: 0.386 Thread 0x0000000002dce800 Uncommon trap: reason=unstable_if action=reinterpret pc=0x000000000301ffe4 method=java.lang.String.indexOf([CII[CIII)I @ 123
Event: 0.681 Thread 0x0000000002dce800 Uncommon trap: reason=unstable_if action=reinterpret pc=0x00000000030d0a50 method=sun.misc.MetaIndex.mayContain(Ljava/lang/String;)Z @ 38
Event: 0.864 Thread 0x0000000002dce800 Uncommon trap: reason=range_check action=make_not_entrant pc=0x00000000030cc4e0 method=sun.reflect.generics.parser.SignatureParser.current()C @ 34

Internal exceptions (10 events):
Event: 0.505 Thread 0x0000000002dce800 Exception <a 'java/lang/ArrayIndexOutOfBoundsException'> (0x00000000eb155600) thrown at [C:\re\workspace\8-2-build-windows-amd64-cygwin\jdk8u111\7883\hotspot\src\share\vm\runtime\sharedRuntime.cpp, line 605]
Event: 0.508 Thread 0x0000000002dce800 Exception <a 'java/lang/ClassNotFoundException': org/apache/log4j/AppenderSkeletonCustomizer> (0x00000000eb164df0) thrown at [C:\re\workspace\8-2-build-windows-amd64-cygwin\jdk8u111\7883\hotspot\src\share\vm\classfile\systemDictionary.cpp, line 210]
Event: 0.512 Thread 0x0000000002dce800 Exception <a 'java/lang/ClassNotFoundException': org/apache/log4j/WriterAppenderCustomizer> (0x00000000eb191988) thrown at [C:\re\workspace\8-2-build-windows-amd64-cygwin\jdk8u111\7883\hotspot\src\share\vm\classfile\systemDictionary.cpp, line 210]
Event: 0.515 Thread 0x0000000002dce800 Exception <a 'java/lang/ClassNotFoundException': org/apache/log4j/ConsoleAppenderCustomizer> (0x00000000eb1ab870) thrown at [C:\re\workspace\8-2-build-windows-amd64-cygwin\jdk8u111\7883\hotspot\src\share\vm\classfile\systemDictionary.cpp, line 210]
Event: 0.528 Thread 0x0000000002dce800 Exception <a 'java/lang/ClassNotFoundException': org/apache/log4j/PatternLayoutBeanInfo> (0x00000000eb217ed8) thrown at [C:\re\workspace\8-2-build-windows-amd64-cygwin\jdk8u111\7883\hotspot\src\share\vm\classfile\systemDictionary.cpp, line 210]
Event: 0.529 Thread 0x0000000002dce800 Exception <a 'java/lang/ClassNotFoundException': org/apache/log4j/LayoutBeanInfo> (0x00000000eb2238b0) thrown at [C:\re\workspace\8-2-build-windows-amd64-cygwin\jdk8u111\7883\hotspot\src\share\vm\classfile\systemDictionary.cpp, line 210]
Event: 0.530 Thread 0x0000000002dce800 Exception <a 'java/lang/ClassNotFoundException': org/apache/log4j/LayoutCustomizer> (0x00000000eb22f500) thrown at [C:\re\workspace\8-2-build-windows-amd64-cygwin\jdk8u111\7883\hotspot\src\share\vm\classfile\systemDictionary.cpp, line 210]
Event: 0.533 Thread 0x0000000002dce800 Exception <a 'java/lang/ClassNotFoundException': org/apache/log4j/PatternLayoutCustomizer> (0x00000000eb240db8) thrown at [C:\re\workspace\8-2-build-windows-amd64-cygwin\jdk8u111\7883\hotspot\src\share\vm\classfile\systemDictionary.cpp, line 210]
Event: 0.865 Thread 0x0000000002dce800 Exception <a 'java/lang/ArrayIndexOutOfBoundsException': 182> (0x00000000ead8b248) thrown at [C:\re\workspace\8-2-build-windows-amd64-cygwin\jdk8u111\7883\hotspot\src\share\vm\interpreter\interpreterRuntime.cpp, line 366]
Event: 0.865 Thread 0x0000000002dce800 Exception <a 'java/lang/ArrayIndexOutOfBoundsException': 60> (0x00000000ead8c578) thrown at [C:\re\workspace\8-2-build-windows-amd64-cygwin\jdk8u111\7883\hotspot\src\share\vm\interpreter\interpreterRuntime.cpp, line 366]

Events (10 events):
Event: 1.009 loading class com/sun/org/apache/xerces/internal/impl/xs/AttributePSVImpl
Event: 1.009 loading class com/sun/org/apache/xerces/internal/xs/AttributePSVI
Event: 1.009 loading class com/sun/org/apache/xerces/internal/xs/AttributePSVI done
Event: 1.009 loading class com/sun/org/apache/xerces/internal/impl/xs/AttributePSVImpl done
Event: 1.010 loading class com/sun/org/apache/xerces/internal/impl/dv/xs/ListDV$ListData
Event: 1.010 loading class com/sun/org/apache/xerces/internal/xs/datatypes/ObjectList
Event: 1.010 loading class com/sun/org/apache/xerces/internal/xs/datatypes/ObjectList done
Event: 1.010 loading class com/sun/org/apache/xerces/internal/impl/dv/xs/ListDV$ListData done
Event: 1.010 loading class com/sun/org/apache/xerces/internal/impl/xs/util/ShortListImpl
Event: 1.010 loading class com/sun/org/apache/xerces/internal/impl/xs/util/ShortListImpl done


Dynamic libraries:
0x00007ff6c9ab0000 - 0x00007ff6c9ae7000 	C:\Program Files\Java\jdk1.8.0_111\bin\javaw.exe
0x00007ff954a60000 - 0x00007ff954c31000 	C:\Windows\SYSTEM32\ntdll.dll
0x00007ff952960000 - 0x00007ff952a0c000 	C:\Windows\System32\KERNEL32.DLL
0x00007ff950fd0000 - 0x00007ff9511ed000 	C:\Windows\System32\KERNELBASE.dll
0x00007ff954220000 - 0x00007ff9542c2000 	C:\Windows\System32\ADVAPI32.dll
0x00007ff954590000 - 0x00007ff95462e000 	C:\Windows\System32\msvcrt.dll
0x00007ff952b20000 - 0x00007ff952b79000 	C:\Windows\System32\sechost.dll
0x00007ff954090000 - 0x00007ff9541b1000 	C:\Windows\System32\RPCRT4.dll
0x00007ff9542d0000 - 0x00007ff954435000 	C:\Windows\System32\USER32.dll
0x00007ff950f60000 - 0x00007ff950f7e000 	C:\Windows\System32\win32u.dll
0x00007ff9525c0000 - 0x00007ff9525f4000 	C:\Windows\System32\GDI32.dll
0x00007ff951e70000 - 0x00007ff951ff0000 	C:\Windows\System32\gdi32full.dll
0x00007ff94b390000 - 0x00007ff94b60a000 	C:\Windows\WinSxS\amd64_microsoft.windows.common-controls_6595b64144ccf1df_6.0.14393.953_none_42151e83c686086b\COMCTL32.dll
0x00007ff952600000 - 0x00007ff9528c8000 	C:\Windows\System32\combase.dll
0x00007ff951d70000 - 0x00007ff951e65000 	C:\Windows\System32\ucrtbase.dll
0x00007ff951d00000 - 0x00007ff951d6a000 	C:\Windows\System32\bcryptPrimitives.dll
0x00007ff9544a0000 - 0x00007ff9544ce000 	C:\Windows\System32\IMM32.DLL
0x0000000061550000 - 0x0000000061622000 	C:\Program Files\Java\jdk1.8.0_111\jre\bin\msvcr100.dll
0x0000000060530000 - 0x0000000060dca000 	C:\Program Files\Java\jdk1.8.0_111\jre\bin\server\jvm.dll
0x00007ff952950000 - 0x00007ff952958000 	C:\Windows\System32\PSAPI.DLL
0x00007ff94cae0000 - 0x00007ff94caea000 	C:\Windows\SYSTEM32\VERSION.dll
0x00007ff94f270000 - 0x00007ff94f293000 	C:\Windows\SYSTEM32\WINMM.dll
0x00007ff94ed70000 - 0x00007ff94ed79000 	C:\Windows\SYSTEM32\WSOCK32.dll
0x00007ff94efd0000 - 0x00007ff94effb000 	C:\Windows\SYSTEM32\WINMMBASE.dll
0x00007ff9549f0000 - 0x00007ff954a5a000 	C:\Windows\System32\WS2_32.dll
0x00007ff950f80000 - 0x00007ff950fc2000 	C:\Windows\System32\cfgmgr32.dll
0x0000000060440000 - 0x000000006044f000 	C:\Program Files\Java\jdk1.8.0_111\jre\bin\verify.dll
0x0000000060410000 - 0x0000000060439000 	C:\Program Files\Java\jdk1.8.0_111\jre\bin\java.dll
0x00000000603f0000 - 0x0000000060406000 	C:\Program Files\Java\jdk1.8.0_111\jre\bin\zip.dll
0x00007ff952b80000 - 0x00007ff954088000 	C:\Windows\System32\SHELL32.dll
0x00007ff951620000 - 0x00007ff951cfa000 	C:\Windows\System32\windows.storage.dll
0x00007ff950f10000 - 0x00007ff950f5c000 	C:\Windows\System32\powrprof.dll
0x00007ff9548f0000 - 0x00007ff954942000 	C:\Windows\System32\shlwapi.dll
0x00007ff950f00000 - 0x00007ff950f0f000 	C:\Windows\System32\kernel.appcore.dll
0x00007ff951570000 - 0x00007ff951619000 	C:\Windows\System32\shcore.dll
0x00007ff950ee0000 - 0x00007ff950ef4000 	C:\Windows\System32\profapi.dll
0x00000000603d0000 - 0x00000000603ea000 	C:\Program Files\Java\jdk1.8.0_111\jre\bin\net.dll
0x00007ff9507a0000 - 0x00007ff9507fc000 	C:\Windows\system32\mswsock.dll
0x00007ff94ae40000 - 0x00007ff94afd2000 	C:\Windows\SYSTEM32\dbghelp.dll

VM Arguments:
jvm_args: -ea -Dfile.encoding=UTF-8 
java_command: org.eclipse.jdt.internal.junit.runner.RemoteTestRunner -version 3 -port 53008 -testLoaderClass org.eclipse.jdt.internal.junit4.runner.JUnit4TestLoader -loaderpluginname org.eclipse.jdt.junit4.runtime -classNames com.dgit.controller.BoardDaoTest
java_class_path (initial): D:\workspace\workspace_kdu\TBR_community\target\test-classes;D:\workspace\workspace_kdu\TBR_community\target\classes;C:\Users\KDW\.m2\repository\org\springframework\spring-context\4.3.2.RELEASE\spring-context-4.3.2.RELEASE.jar;C:\Users\KDW\.m2\repository\org\springframework\spring-beans\4.3.2.RELEASE\spring-beans-4.3.2.RELEASE.jar;C:\Users\KDW\.m2\repository\org\springframework\spring-core\4.3.2.RELEASE\spring-core-4.3.2.RELEASE.jar;C:\Users\KDW\.m2\repository\org\springframework\spring-expression\4.3.2.RELEASE\spring-expression-4.3.2.RELEASE.jar;C:\Users\KDW\.m2\repository\org\springframework\spring-webmvc\4.3.2.RELEASE\spring-webmvc-4.3.2.RELEASE.jar;C:\Users\KDW\.m2\repository\org\springframework\spring-web\4.3.2.RELEASE\spring-web-4.3.2.RELEASE.jar;C:\Users\KDW\.m2\repository\org\aspectj\aspectjrt\1.6.10\aspectjrt-1.6.10.jar;C:\Users\KDW\.m2\repository\org\slf4j\slf4j-api\1.6.6\slf4j-api-1.6.6.jar;C:\Users\KDW\.m2\repository\org\slf4j\jcl-over-slf4j\1.6.6\jcl-over-slf4j-1.6.6.jar;C:\Users\KDW\.m2\repository\org\slf4j\slf4j-log4j12\1.6.6\slf4j-log4j12-1.6.6.jar;C:\Users\KDW\.m2\repository\log4j\log4j\1.2.15\log4j-1.2.15.jar;C:\Users\KDW\.m2\repository\javax\inject\javax.inject\1\javax.inject-1.jar;C:\Users\KDW\.m2\repository\javax\servlet\javax.servlet-api\3.1.0\javax.servlet-api-3.1.0.jar;C:\Users\KDW\.m2\repository\javax\servlet\jsp\jsp-api\2.1\jsp-api-2.1.jar;C:\Users\KDW\.m2\repository\javax\servlet\jstl\1.2\jstl-1.2.jar;C:\Users\KDW\.m2\repository\junit\junit\4.12\junit-4.12.jar;C:\Users\KDW\.m2\repository\org\hamcrest\hamcrest-core\1.3\hamcrest-core-1.3.jar;C:\Users\KDW\.m2\repository\org\springframework\spring-tx\4.3.2.RELEASE\spring-tx-4.3.2.RELEASE.jar;C:\Users\KDW\.m2\repository\org\springframework\spring-aop\4.3.2.RELEASE\spring-aop-4.3.2.RELEASE.jar;C:\Users\KDW\.m2\repository\org\aspectj\aspectjweaver\1.5.4\aspectjweaver-1.5.4.jar;C:\Users\KDW\.m2\repository\com\fasterxml\jackson\core\jackson-databind\2.5.4\jackson-databi
Launcher Type: SUN_STANDARD

Environment Variables:
JAVA_HOME=C:\Program Files\Java\jdk1.8.0_111
PATH=C:/Program Files/Java/jdk1.8.0_111/bin/../jre/bin/server;C:/Program Files/Java/jdk1.8.0_111/bin/../jre/bin;C:/Program Files/Java/jdk1.8.0_111/bin/../jre/lib/amd64;C:\Program Files\Java\jdk1.8.0_111\bin;C:\ProgramData\Oracle\Java\javapath;C:\Program Files (x86)\NVIDIA Corporation\PhysX\Common;C:\Windows\system32;C:\Windows;C:\Windows\System32\Wbem;C:\Windows\System32\WindowsPowerShell\v1.0\;C:\Program Files\MySQL\MySQL Server 5.6\bin;C:\Program Files\Git\cmd;D:\gradle-3.4.1-bin\bin;C:\Users\KDW\AppData\Local\Microsoft\WindowsApps;;C:\eclipse_web\eclipse;
USERNAME=KDW
OS=Windows_NT
PROCESSOR_IDENTIFIER=Intel64 Family 6 Model 23 Stepping 10, GenuineIntel



---------------  S Y S T E M  ---------------

OS: Windows 10.0 , 64 bit Build 14393 (10.0.14393.1198)

CPU:total 4 (4 cores per cpu, 1 threads per core) family 6 model 23 stepping 10, cmov, cx8, fxsr, mmx, sse, sse2, sse3, ssse3, sse4.1, tsc

Memory: 4k page, physical 4192492k(1254808k free), swap 9959660k(5518548k free)

vm_info: Java HotSpot(TM) 64-Bit Server VM (25.111-b14) for windows-amd64 JRE (1.8.0_111-b14), built on Sep 22 2016 19:24:05 by "java_re" with MS VC++ 10.0 (VS2010)

time: Tue Jul 25 14:17:39 2017
elapsed time: 1 seconds (0d 0h 0m 1s)

