#
# A fatal error has been detected by the Java Runtime Environment:
#
#  EXCEPTION_ACCESS_VIOLATION (0xc0000005) at pc=0xffffffffa4315120, pid=9324, tid=0x0000000000001744
#
# JRE version: Java(TM) SE Runtime Environment (8.0_111-b14) (build 1.8.0_111-b14)
# Java VM: Java HotSpot(TM) 64-Bit Server VM (25.111-b14 mixed mode windows-amd64 compressed oops)
# Problematic frame:
# C  0xffffffffa4315120
#
# Failed to write core dump. Minidumps are not enabled by default on client versions of Windows
#
# If you would like to submit a bug report, please visit:
#   http://bugreport.java.com/bugreport/crash.jsp
#

---------------  T H R E A D  ---------------

Current thread (0x0000000002d5e800):  JavaThread "main" [_thread_in_Java, id=5956, stack(0x0000000003110000,0x0000000003210000)]

siginfo: ExceptionCode=0xc0000005, ExceptionInformation=0x0000000000000008 0xffffffffa4315120

Registers:
RAX=0x000000010006a028, RBX=0x0000000018209710, RCX=0x00000000eb686c50, RDX=0x00000000eb686c38
RSP=0x000000000320d548, RBP=0x000000000320d5e8, RSI=0x0000000000000001, RDI=0x000000010006a028
R8 =0x000000000000006e, R9 =0x00000000ffffffff, R10=0x000000010006a028, R11=0x0000000003594320
R12=0x0000000000000000, R13=0x000000000320d5a0, R14=0x000000000320d668, R15=0x0000000002d5e800
RIP=0xffffffffa4315120, EFLAGS=0x0000000000010246

Top of Stack: (sp=0x000000000320d548)
0x000000000320d548:   000000000359440c 0000000000000000
0x000000000320d558:   00000000ecdf1ad8 0000000000000001
0x000000000320d568:   000000000320d7f0 0000000000000001
0x000000000320d578:   00000000c0318258 000000000320d5e8
0x000000000320d588:   00000000033178b5 000000000320d5f0
0x000000000320d598:   00000000033178b5 00000000eb686c50
0x000000000320d5a8:   000000000320d5a8 0000000015618112
0x000000000320d5b8:   000000000320d668 000000001561aaf0
0x000000000320d5c8:   0000000000000000 0000000015618330
0x000000000320d5d8:   000000000320d5a0 000000000320d630
0x000000000320d5e8:   000000000320d6b0 0000000003317e20
0x000000000320d5f8:   0000000000000000 0000000000000000
0x000000000320d608:   0000000000000000 0000000000000000
0x000000000320d618:   0000000000000000 00000000c03184a0
0x000000000320d628:   00000000eb686c50 0000000000000002
0x000000000320d638:   00000000eb6868c0 00000000eb6868a8 

Instructions: (pc=0xffffffffa4315120)
0xffffffffa4315100:   
[error occurred during error reporting (printing registers, top of stack, instructions near pc), id 0xc0000005]

Register to memory mapping:

RAX=0x000000010006a028 is pointing into metadata
RBX=0x0000000018209710 is pointing into metadata
RCX=0x00000000eb686c50 is an oop
java.util.AbstractList$Itr 
 - klass: 'java/util/AbstractList$Itr'
RDX=0x00000000eb686c38 is an oop
java.util.Arrays$ArrayList 
 - klass: 'java/util/Arrays$ArrayList'
RSP=0x000000000320d548 is pointing into the stack for thread: 0x0000000002d5e800
RBP=0x000000000320d5e8 is pointing into the stack for thread: 0x0000000002d5e800
RSI=0x0000000000000001 is an unknown value
RDI=0x000000010006a028 is pointing into metadata
R8 =0x000000000000006e is an unknown value
R9 =0x00000000ffffffff is an unallocated location in the heap
R10=0x000000010006a028 is pointing into metadata
R11=0x0000000003594320 is at entry_point+32 in (nmethod*)0x0000000003594190
R12=0x0000000000000000 is an unknown value
R13=0x000000000320d5a0 is pointing into the stack for thread: 0x0000000002d5e800
R14=0x000000000320d668 is pointing into the stack for thread: 0x0000000002d5e800
R15=0x0000000002d5e800 is a thread


Stack: [0x0000000003110000,0x0000000003210000],  sp=0x000000000320d548,  free space=1013k
Native frames: (J=compiled Java code, j=interpreted, Vv=VM code, C=native code)
C  0xffffffffa4315120


---------------  P R O C E S S  ---------------

Java Threads: ( => current thread )
  0x0000000017e8d000 JavaThread "Abandoned connection cleanup thread" daemon [_thread_blocked, id=4788, stack(0x0000000019510000,0x0000000019610000)]
  0x0000000016f63000 JavaThread "ReaderThread" [_thread_in_native, id=5624, stack(0x0000000017840000,0x0000000017940000)]
  0x0000000016dc4800 JavaThread "Service Thread" daemon [_thread_blocked, id=5252, stack(0x0000000017640000,0x0000000017740000)]
  0x0000000016d51800 JavaThread "C1 CompilerThread2" daemon [_thread_blocked, id=11632, stack(0x0000000017540000,0x0000000017640000)]
  0x0000000016d4e000 JavaThread "C2 CompilerThread1" daemon [_thread_blocked, id=6012, stack(0x0000000017440000,0x0000000017540000)]
  0x0000000016d49000 JavaThread "C2 CompilerThread0" daemon [_thread_blocked, id=7036, stack(0x0000000017340000,0x0000000017440000)]
  0x00000000159ef800 JavaThread "Attach Listener" daemon [_thread_blocked, id=5704, stack(0x0000000017240000,0x0000000017340000)]
  0x00000000159d8000 JavaThread "Signal Dispatcher" daemon [_thread_blocked, id=4600, stack(0x0000000017140000,0x0000000017240000)]
  0x000000000330d800 JavaThread "Finalizer" daemon [_thread_blocked, id=8588, stack(0x0000000016c40000,0x0000000016d40000)]
  0x0000000003302000 JavaThread "Reference Handler" daemon [_thread_blocked, id=5524, stack(0x0000000016b40000,0x0000000016c40000)]
=>0x0000000002d5e800 JavaThread "main" [_thread_in_Java, id=5956, stack(0x0000000003110000,0x0000000003210000)]

Other Threads:
  0x00000000159a7000 VMThread [stack: 0x0000000016a40000,0x0000000016b40000] [id=9528]
  0x0000000016e10000 WatcherThread [stack: 0x0000000017740000,0x0000000017840000] [id=3292]

VM state:not at safepoint (normal execution)

VM Mutex/Monitor currently owned by a thread: None

Heap:
 PSYoungGen      total 35328K, used 14949K [0x00000000eab00000, 0x00000000ed000000, 0x0000000100000000)
  eden space 32768K, 37% used [0x00000000eab00000,0x00000000eb71cd38,0x00000000ecb00000)
  from space 2560K, 99% used [0x00000000ecd80000,0x00000000ecffc870,0x00000000ed000000)
  to   space 2560K, 0% used [0x00000000ecb00000,0x00000000ecb00000,0x00000000ecd80000)
 ParOldGen       total 44032K, used 5954K [0x00000000c0000000, 0x00000000c2b00000, 0x00000000eab00000)
  object space 44032K, 13% used [0x00000000c0000000,0x00000000c05d0bb8,0x00000000c2b00000)
 Metaspace       used 15959K, capacity 16108K, committed 16384K, reserved 1062912K
  class space    used 1947K, capacity 1978K, committed 2048K, reserved 1048576K

Card table byte_map: [0x00000000126d0000,0x00000000128e0000] byte_map_base: 0x00000000120d0000

Marking Bits: (ParMarkBitMap*) 0x0000000060d4a6c0
 Begin Bits: [0x0000000012e40000, 0x0000000013e40000)
 End Bits:   [0x0000000013e40000, 0x0000000014e40000)

Polling page: 0x00000000014e0000

CodeCache: size=245760Kb used=5426Kb max_used=5432Kb free=240333Kb
 bounds [0x0000000003310000, 0x0000000003870000, 0x0000000012310000]
 total_blobs=1794 nmethods=1417 adapters=291
 compilation: enabled

Compilation events (10 events):
Event: 2.894 Thread 0x0000000016d51800 1413       3       java.util.AbstractList$Itr::<init> (31 bytes)
Event: 2.895 Thread 0x0000000016d51800 nmethod 1413 0x000000000385c990 code [0x000000000385cb00, 0x000000000385ccf0]
Event: 2.895 Thread 0x0000000016d4e000 nmethod 1412 0x000000000385b210 code [0x000000000385b360, 0x000000000385b6a8]
Event: 2.895 Thread 0x0000000016d51800 1414       3       java.util.AbstractList::iterator (10 bytes)
Event: 2.896 Thread 0x0000000016d51800 nmethod 1414 0x00000000038623d0 code [0x0000000003862540, 0x0000000003862830]
Event: 2.896 Thread 0x0000000016d51800 1415   !   3       com.sun.proxy.$Proxy6::annotationType (29 bytes)
Event: 2.896 Thread 0x0000000016d51800 nmethod 1415 0x0000000003861c50 code [0x0000000003861de0, 0x0000000003862218]
Event: 2.896 Thread 0x0000000016d51800 1417       1       java.util.Arrays$ArrayList::size (6 bytes)
Event: 2.896 Thread 0x0000000016d51800 nmethod 1417 0x000000000385af10 code [0x000000000385b060, 0x000000000385b170]
Event: 2.896 Thread 0x0000000016d51800 1416   !   3       com.sun.proxy.$Proxy13::annotationType (29 bytes)

GC Heap History (8 events):
Event: 1.083 GC heap before
{Heap before GC invocations=1 (full 0):
 PSYoungGen      total 18944K, used 16384K [0x00000000eab00000, 0x00000000ec000000, 0x0000000100000000)
  eden space 16384K, 100% used [0x00000000eab00000,0x00000000ebb00000,0x00000000ebb00000)
  from space 2560K, 0% used [0x00000000ebd80000,0x00000000ebd80000,0x00000000ec000000)
  to   space 2560K, 0% used [0x00000000ebb00000,0x00000000ebb00000,0x00000000ebd80000)
 ParOldGen       total 44032K, used 0K [0x00000000c0000000, 0x00000000c2b00000, 0x00000000eab00000)
  object space 44032K, 0% used [0x00000000c0000000,0x00000000c0000000,0x00000000c2b00000)
 Metaspace       used 8276K, capacity 8430K, committed 8576K, reserved 1056768K
  class space    used 1001K, capacity 1045K, committed 1152K, reserved 1048576K
Event: 1.092 GC heap after
Heap after GC invocations=1 (full 0):
 PSYoungGen      total 18944K, used 2541K [0x00000000eab00000, 0x00000000ec000000, 0x0000000100000000)
  eden space 16384K, 0% used [0x00000000eab00000,0x00000000eab00000,0x00000000ebb00000)
  from space 2560K, 99% used [0x00000000ebb00000,0x00000000ebd7b5b0,0x00000000ebd80000)
  to   space 2560K, 0% used [0x00000000ebd80000,0x00000000ebd80000,0x00000000ec000000)
 ParOldGen       total 44032K, used 805K [0x00000000c0000000, 0x00000000c2b00000, 0x00000000eab00000)
  object space 44032K, 1% used [0x00000000c0000000,0x00000000c00c9708,0x00000000c2b00000)
 Metaspace       used 8276K, capacity 8430K, committed 8576K, reserved 1056768K
  class space    used 1001K, capacity 1045K, committed 1152K, reserved 1048576K
}
Event: 1.761 GC heap before
{Heap before GC invocations=2 (full 0):
 PSYoungGen      total 18944K, used 18925K [0x00000000eab00000, 0x00000000ec000000, 0x0000000100000000)
  eden space 16384K, 100% used [0x00000000eab00000,0x00000000ebb00000,0x00000000ebb00000)
  from space 2560K, 99% used [0x00000000ebb00000,0x00000000ebd7b5b0,0x00000000ebd80000)
  to   space 2560K, 0% used [0x00000000ebd80000,0x00000000ebd80000,0x00000000ec000000)
 ParOldGen       total 44032K, used 805K [0x00000000c0000000, 0x00000000c2b00000, 0x00000000eab00000)
  object space 44032K, 1% used [0x00000000c0000000,0x00000000c00c9708,0x00000000c2b00000)
 Metaspace       used 12279K, capacity 12454K, committed 12544K, reserved 1060864K
  class space    used 1484K, capacity 1529K, committed 1536K, reserved 1048576K
Event: 1.772 GC heap after
Heap after GC invocations=2 (full 0):
 PSYoungGen      total 18944K, used 2553K [0x00000000eab00000, 0x00000000ed000000, 0x0000000100000000)
  eden space 16384K, 0% used [0x00000000eab00000,0x00000000eab00000,0x00000000ebb00000)
  from space 2560K, 99% used [0x00000000ebd80000,0x00000000ebffe620,0x00000000ec000000)
  to   space 2560K, 0% used [0x00000000ebb00000,0x00000000ebb00000,0x00000000ebd80000)
 ParOldGen       total 44032K, used 2833K [0x00000000c0000000, 0x00000000c2b00000, 0x00000000eab00000)
  object space 44032K, 6% used [0x00000000c0000000,0x00000000c02c4738,0x00000000c2b00000)
 Metaspace       used 12279K, capacity 12454K, committed 12544K, reserved 1060864K
  class space    used 1484K, capacity 1529K, committed 1536K, reserved 1048576K
}
Event: 2.383 GC heap before
{Heap before GC invocations=3 (full 0):
 PSYoungGen      total 18944K, used 18937K [0x00000000eab00000, 0x00000000ed000000, 0x0000000100000000)
  eden space 16384K, 100% used [0x00000000eab00000,0x00000000ebb00000,0x00000000ebb00000)
  from space 2560K, 99% used [0x00000000ebd80000,0x00000000ebffe620,0x00000000ec000000)
  to   space 2560K, 0% used [0x00000000ebb00000,0x00000000ebb00000,0x00000000ebd80000)
 ParOldGen       total 44032K, used 2833K [0x00000000c0000000, 0x00000000c2b00000, 0x00000000eab00000)
  object space 44032K, 6% used [0x00000000c0000000,0x00000000c02c4738,0x00000000c2b00000)
 Metaspace       used 14968K, capacity 15142K, committed 15488K, reserved 1062912K
  class space    used 1829K, capacity 1849K, committed 1920K, reserved 1048576K
Event: 2.400 GC heap after
Heap after GC invocations=3 (full 0):
 PSYoungGen      total 18944K, used 2541K [0x00000000eab00000, 0x00000000ed000000, 0x0000000100000000)
  eden space 16384K, 0% used [0x00000000eab00000,0x00000000eab00000,0x00000000ebb00000)
  from space 2560K, 99% used [0x00000000ebb00000,0x00000000ebd7b6d8,0x00000000ebd80000)
  to   space 2560K, 0% used [0x00000000ecd80000,0x00000000ecd80000,0x00000000ed000000)
 ParOldGen       total 44032K, used 5072K [0x00000000c0000000, 0x00000000c2b00000, 0x00000000eab00000)
  object space 44032K, 11% used [0x00000000c0000000,0x00000000c04f43a8,0x00000000c2b00000)
 Metaspace       used 14968K, capacity 15142K, committed 15488K, reserved 1062912K
  class space    used 1829K, capacity 1849K, committed 1920K, reserved 1048576K
}
Event: 2.649 GC heap before
{Heap before GC invocations=4 (full 0):
 PSYoungGen      total 18944K, used 18925K [0x00000000eab00000, 0x00000000ed000000, 0x0000000100000000)
  eden space 16384K, 100% used [0x00000000eab00000,0x00000000ebb00000,0x00000000ebb00000)
  from space 2560K, 99% used [0x00000000ebb00000,0x00000000ebd7b6d8,0x00000000ebd80000)
  to   space 2560K, 0% used [0x00000000ecd80000,0x00000000ecd80000,0x00000000ed000000)
 ParOldGen       total 44032K, used 5072K [0x00000000c0000000, 0x00000000c2b00000, 0x00000000eab00000)
  object space 44032K, 11% used [0x00000000c0000000,0x00000000c04f43a8,0x00000000c2b00000)
 Metaspace       used 15661K, capacity 15820K, committed 16128K, reserved 1062912K
  class space    used 1916K, capacity 1946K, committed 2048K, reserved 1048576K
Event: 2.661 GC heap after
Heap after GC invocations=4 (full 0):
 PSYoungGen      total 35328K, used 2546K [0x00000000eab00000, 0x00000000ed000000, 0x0000000100000000)
  eden space 32768K, 0% used [0x00000000eab00000,0x00000000eab00000,0x00000000ecb00000)
  from space 2560K, 99% used [0x00000000ecd80000,0x00000000ecffc870,0x00000000ed000000)
  to   space 2560K, 0% used [0x00000000ecb00000,0x00000000ecb00000,0x00000000ecd80000)
 ParOldGen       total 44032K, used 5954K [0x00000000c0000000, 0x00000000c2b00000, 0x00000000eab00000)
  object space 44032K, 13% used [0x00000000c0000000,0x00000000c05d0bb8,0x00000000c2b00000)
 Metaspace       used 15661K, capacity 15820K, committed 16128K, reserved 1062912K
  class space    used 1916K, capacity 1946K, committed 2048K, reserved 1048576K
}

Deoptimization events (10 events):
Event: 2.234 Thread 0x0000000002d5e800 Uncommon trap: reason=unstable_if action=reinterpret pc=0x000000000367ad10 method=java.util.HashMap.hash(Ljava/lang/Object;)I @ 1
Event: 2.332 Thread 0x0000000002d5e800 Uncommon trap: reason=unstable_if action=reinterpret pc=0x00000000036a5fc4 method=java.net.URL.<init>(Ljava/net/URL;Ljava/lang/String;Ljava/net/URLStreamHandler;)V @ 347
Event: 2.353 Thread 0x0000000002d5e800 Uncommon trap: reason=class_check action=maybe_recompile pc=0x00000000037294a4 method=java.io.DataInputStream.readChar()C @ 4
Event: 2.353 Thread 0x0000000002d5e800 Uncommon trap: reason=class_check action=maybe_recompile pc=0x00000000037294a4 method=java.io.DataInputStream.readChar()C @ 4
Event: 2.353 Thread 0x0000000002d5e800 Uncommon trap: reason=class_check action=maybe_recompile pc=0x00000000037294a4 method=java.io.DataInputStream.readChar()C @ 4
Event: 2.353 Thread 0x0000000002d5e800 Uncommon trap: reason=class_check action=maybe_recompile pc=0x00000000037294a4 method=java.io.DataInputStream.readChar()C @ 4
Event: 2.451 Thread 0x0000000002d5e800 Uncommon trap: reason=unstable_if action=reinterpret pc=0x0000000003508d68 method=sun.net.www.ParseUtil.encodePath(Ljava/lang/String;Z)Ljava/lang/String; @ 81
Event: 2.451 Thread 0x0000000002d5e800 Uncommon trap: reason=unstable_if action=reinterpret pc=0x0000000003461250 method=sun.nio.cs.UTF_8$Encoder.encode([CII[B)I @ 33
Event: 2.451 Thread 0x0000000002d5e800 Uncommon trap: reason=unstable_if action=reinterpret pc=0x000000000345d824 method=sun.nio.cs.UTF_8$Encoder.encode([CII[B)I @ 33
Event: 2.591 Thread 0x0000000002d5e800 Uncommon trap: reason=unstable_if action=reinterpret pc=0x000000000350bcb4 method=java.util.HashMap.hash(Ljava/lang/Object;)I @ 1

Internal exceptions (10 events):
Event: 2.836 Thread 0x0000000002d5e800 Exception <a 'java/lang/ClassNotFoundException': org/springframework/transaction/interceptor/TransactionAspectSupportBeanInfo> (0x00000000eb57b0a0) thrown at [C:\re\workspace\8-2-build-windows-amd64-cygwin\jdk8u111\7883\hotspot\src\share\vm\classfile\syst
Event: 2.837 Thread 0x0000000002d5e800 Exception <a 'java/lang/ClassNotFoundException': org/springframework/transaction/interceptor/TransactionAspectSupportCustomizer> (0x00000000eb58cf48) thrown at [C:\re\workspace\8-2-build-windows-amd64-cygwin\jdk8u111\7883\hotspot\src\share\vm\classfile\sy
Event: 2.850 Thread 0x0000000002d5e800 Exception <a 'java/lang/ClassNotFoundException': org/springframework/transaction/interceptor/TransactionInterceptorCustomizer> (0x00000000eb5ac520) thrown at [C:\re\workspace\8-2-build-windows-amd64-cygwin\jdk8u111\7883\hotspot\src\share\vm\classfile\syst
Event: 2.854 Thread 0x0000000002d5e800 Exception <a 'java/lang/ClassNotFoundException': org/aopalliance/intercept/MethodInterceptorCustomizer> (0x00000000eb5c3d78) thrown at [C:\re\workspace\8-2-build-windows-amd64-cygwin\jdk8u111\7883\hotspot\src\share\vm\classfile\systemDictionary.cpp, line 
Event: 2.856 Thread 0x0000000002d5e800 Exception <a 'java/lang/ClassNotFoundException': java/io/SerializableCustomizer> (0x00000000eb5ca858) thrown at [C:\re\workspace\8-2-build-windows-amd64-cygwin\jdk8u111\7883\hotspot\src\share\vm\classfile\systemDictionary.cpp, line 210]
Event: 2.858 Thread 0x0000000002d5e800 Exception <a 'java/lang/ClassNotFoundException': org/springframework/beans/factory/BeanFactoryAwareCustomizer> (0x00000000eb5da2a8) thrown at [C:\re\workspace\8-2-build-windows-amd64-cygwin\jdk8u111\7883\hotspot\src\share\vm\classfile\systemDictionary.cpp
Event: 2.859 Thread 0x0000000002d5e800 Exception <a 'java/lang/ClassNotFoundException': org/springframework/beans/factory/InitializingBeanCustomizer> (0x00000000eb5eb468) thrown at [C:\re\workspace\8-2-build-windows-amd64-cygwin\jdk8u111\7883\hotspot\src\share\vm\classfile\systemDictionary.cpp
Event: 2.870 Thread 0x0000000002d5e800 Exception <a 'java/lang/ClassNotFoundException': com/dgit/persistence/BoardDaoImplBeanInfo> (0x00000000eb60e278) thrown at [C:\re\workspace\8-2-build-windows-amd64-cygwin\jdk8u111\7883\hotspot\src\share\vm\classfile\systemDictionary.cpp, line 210]
Event: 2.871 Thread 0x0000000002d5e800 Exception <a 'java/lang/ClassNotFoundException': com/dgit/persistence/BoardDaoImplCustomizer> (0x00000000eb61b6f0) thrown at [C:\re\workspace\8-2-build-windows-amd64-cygwin\jdk8u111\7883\hotspot\src\share\vm\classfile\systemDictionary.cpp, line 210]
Event: 2.876 Thread 0x0000000002d5e800 Exception <a 'java/lang/ClassNotFoundException': com/dgit/persistence/BoardDaoCustomizer> (0x00000000eb6377a8) thrown at [C:\re\workspace\8-2-build-windows-amd64-cygwin\jdk8u111\7883\hotspot\src\share\vm\classfile\systemDictionary.cpp, line 210]

Events (10 events):
Event: 2.880 loading class java/lang/reflect/WeakCache$LookupValue
Event: 2.881 loading class java/lang/reflect/WeakCache$LookupValue done
Event: 2.882 loading class java/util/concurrent/ConcurrentHashMap$EntryIterator
Event: 2.882 loading class java/util/concurrent/ConcurrentHashMap$EntryIterator done
Event: 2.882 loading class org/springframework/core/SerializableTypeWrapper$FieldTypeProvider
Event: 2.882 loading class org/springframework/core/SerializableTypeWrapper$FieldTypeProvider done
Event: 2.883 loading class org/springframework/beans/factory/annotation/AutowiredAnnotationBeanPostProcessor$ShortcutDependencyDescriptor
Event: 2.883 loading class org/springframework/beans/factory/annotation/AutowiredAnnotationBeanPostProcessor$ShortcutDependencyDescriptor done
Event: 2.884 loading class sun/reflect/UnsafeObjectFieldAccessorImpl
Event: 2.884 loading class sun/reflect/UnsafeObjectFieldAccessorImpl done


Dynamic libraries:
0x00007ff6c9ab0000 - 0x00007ff6c9ae7000 	C:\Program Files\Java\jdk1.8.0_111\bin\javaw.exe
0x00007ff954a60000 - 0x00007ff954c31000 	C:\Windows\SYSTEM32\ntdll.dll
0x00007ff952960000 - 0x00007ff952a0c000 	C:\Windows\System32\KERNEL32.DLL
0x00007ff950fd0000 - 0x00007ff9511ed000 	C:\Windows\System32\KERNELBASE.dll
0x00007ff954220000 - 0x00007ff9542c2000 	C:\Windows\System32\ADVAPI32.dll
0x00007ff954590000 - 0x00007ff95462e000 	C:\Windows\System32\msvcrt.dll
0x00007ff952b20000 - 0x00007ff952b79000 	C:\Windows\System32\sechost.dll
0x00007ff954090000 - 0x00007ff9541b1000 	C:\Windows\System32\RPCRT4.dll
0x00007ff9542d0000 - 0x00007ff954435000 	C:\Windows\System32\USER32.dll
0x00007ff950f60000 - 0x00007ff950f7e000 	C:\Windows\System32\win32u.dll
0x00007ff9525c0000 - 0x00007ff9525f4000 	C:\Windows\System32\GDI32.dll
0x00007ff951e70000 - 0x00007ff951ff0000 	C:\Windows\System32\gdi32full.dll
0x00007ff94b390000 - 0x00007ff94b60a000 	C:\Windows\WinSxS\amd64_microsoft.windows.common-controls_6595b64144ccf1df_6.0.14393.953_none_42151e83c686086b\COMCTL32.dll
0x00007ff952600000 - 0x00007ff9528c8000 	C:\Windows\System32\combase.dll
0x00007ff951d70000 - 0x00007ff951e65000 	C:\Windows\System32\ucrtbase.dll
0x00007ff951d00000 - 0x00007ff951d6a000 	C:\Windows\System32\bcryptPrimitives.dll
0x00007ff9544a0000 - 0x00007ff9544ce000 	C:\Windows\System32\IMM32.DLL
0x0000000061550000 - 0x0000000061622000 	C:\Program Files\Java\jdk1.8.0_111\jre\bin\msvcr100.dll
0x0000000060530000 - 0x0000000060dca000 	C:\Program Files\Java\jdk1.8.0_111\jre\bin\server\jvm.dll
0x00007ff952950000 - 0x00007ff952958000 	C:\Windows\System32\PSAPI.DLL
0x00007ff94ed70000 - 0x00007ff94ed79000 	C:\Windows\SYSTEM32\WSOCK32.dll
0x00007ff9549f0000 - 0x00007ff954a5a000 	C:\Windows\System32\WS2_32.dll
0x00007ff94f270000 - 0x00007ff94f293000 	C:\Windows\SYSTEM32\WINMM.dll
0x00007ff94cae0000 - 0x00007ff94caea000 	C:\Windows\SYSTEM32\VERSION.dll
0x00007ff94efd0000 - 0x00007ff94effb000 	C:\Windows\SYSTEM32\WINMMBASE.dll
0x00007ff950f80000 - 0x00007ff950fc2000 	C:\Windows\System32\cfgmgr32.dll
0x0000000060440000 - 0x000000006044f000 	C:\Program Files\Java\jdk1.8.0_111\jre\bin\verify.dll
0x0000000060410000 - 0x0000000060439000 	C:\Program Files\Java\jdk1.8.0_111\jre\bin\java.dll
0x00000000603f0000 - 0x0000000060406000 	C:\Program Files\Java\jdk1.8.0_111\jre\bin\zip.dll
0x00007ff952b80000 - 0x00007ff954088000 	C:\Windows\System32\SHELL32.dll
0x00007ff951620000 - 0x00007ff951cfa000 	C:\Windows\System32\windows.storage.dll
0x00007ff950f10000 - 0x00007ff950f5c000 	C:\Windows\System32\powrprof.dll
0x00007ff9548f0000 - 0x00007ff954942000 	C:\Windows\System32\shlwapi.dll
0x00007ff950f00000 - 0x00007ff950f0f000 	C:\Windows\System32\kernel.appcore.dll
0x00007ff951570000 - 0x00007ff951619000 	C:\Windows\System32\shcore.dll
0x00007ff950ee0000 - 0x00007ff950ef4000 	C:\Windows\System32\profapi.dll
0x00000000603d0000 - 0x00000000603ea000 	C:\Program Files\Java\jdk1.8.0_111\jre\bin\net.dll
0x00007ff9507a0000 - 0x00007ff9507fc000 	C:\Windows\system32\mswsock.dll
0x00007ff94ae40000 - 0x00007ff94afd2000 	C:\Windows\SYSTEM32\dbghelp.dll

VM Arguments:
jvm_args: -ea -Dfile.encoding=UTF-8 
java_command: org.eclipse.jdt.internal.junit.runner.RemoteTestRunner -version 3 -port 53034 -testLoaderClass org.eclipse.jdt.internal.junit4.runner.JUnit4TestLoader -loaderpluginname org.eclipse.jdt.junit4.runtime -classNames com.dgit.controller.BoardDaoTest
java_class_path (initial): D:\workspace\workspace_kdu\TBR_community\target\test-classes;D:\workspace\workspace_kdu\TBR_community\target\classes;C:\Users\KDW\.m2\repository\org\springframework\spring-context\4.3.2.RELEASE\spring-context-4.3.2.RELEASE.jar;C:\Users\KDW\.m2\repository\org\springframework\spring-beans\4.3.2.RELEASE\spring-beans-4.3.2.RELEASE.jar;C:\Users\KDW\.m2\repository\org\springframework\spring-core\4.3.2.RELEASE\spring-core-4.3.2.RELEASE.jar;C:\Users\KDW\.m2\repository\org\springframework\spring-expression\4.3.2.RELEASE\spring-expression-4.3.2.RELEASE.jar;C:\Users\KDW\.m2\repository\org\springframework\spring-webmvc\4.3.2.RELEASE\spring-webmvc-4.3.2.RELEASE.jar;C:\Users\KDW\.m2\repository\org\springframework\spring-web\4.3.2.RELEASE\spring-web-4.3.2.RELEASE.jar;C:\Users\KDW\.m2\repository\org\aspectj\aspectjrt\1.6.10\aspectjrt-1.6.10.jar;C:\Users\KDW\.m2\repository\org\slf4j\slf4j-api\1.6.6\slf4j-api-1.6.6.jar;C:\Users\KDW\.m2\repository\org\slf4j\jcl-over-slf4j\1.6.6\jcl-over-slf4j-1.6.6.jar;C:\Users\KDW\.m2\repository\org\slf4j\slf4j-log4j12\1.6.6\slf4j-log4j12-1.6.6.jar;C:\Users\KDW\.m2\repository\log4j\log4j\1.2.15\log4j-1.2.15.jar;C:\Users\KDW\.m2\repository\javax\inject\javax.inject\1\javax.inject-1.jar;C:\Users\KDW\.m2\repository\javax\servlet\javax.servlet-api\3.1.0\javax.servlet-api-3.1.0.jar;C:\Users\KDW\.m2\repository\javax\servlet\jsp\jsp-api\2.1\jsp-api-2.1.jar;C:\Users\KDW\.m2\repository\javax\servlet\jstl\1.2\jstl-1.2.jar;C:\Users\KDW\.m2\repository\junit\junit\4.12\junit-4.12.jar;C:\Users\KDW\.m2\repository\org\hamcrest\hamcrest-core\1.3\hamcrest-core-1.3.jar;C:\Users\KDW\.m2\repository\org\springframework\spring-tx\4.3.2.RELEASE\spring-tx-4.3.2.RELEASE.jar;C:\Users\KDW\.m2\repository\org\springframework\spring-aop\4.3.2.RELEASE\spring-aop-4.3.2.RELEASE.jar;C:\Users\KDW\.m2\repository\org\aspectj\aspectjweaver\1.5.4\aspectjweaver-1.5.4.jar;C:\Users\KDW\.m2\repository\com\fasterxml\jackson\core\jackson-databind\2.5.4\jackson-databi
Launcher Type: SUN_STANDARD

Environment Variables:
JAVA_HOME=C:\Program Files\Java\jdk1.8.0_111
PATH=C:/Program Files/Java/jdk1.8.0_111/bin/../jre/bin/server;C:/Program Files/Java/jdk1.8.0_111/bin/../jre/bin;C:/Program Files/Java/jdk1.8.0_111/bin/../jre/lib/amd64;C:\Program Files\Java\jdk1.8.0_111\bin;C:\ProgramData\Oracle\Java\javapath;C:\Program Files (x86)\NVIDIA Corporation\PhysX\Common;C:\Windows\system32;C:\Windows;C:\Windows\System32\Wbem;C:\Windows\System32\WindowsPowerShell\v1.0\;C:\Program Files\MySQL\MySQL Server 5.6\bin;C:\Program Files\Git\cmd;D:\gradle-3.4.1-bin\bin;C:\Users\KDW\AppData\Local\Microsoft\WindowsApps;;C:\eclipse_web\eclipse;
USERNAME=KDW
OS=Windows_NT
PROCESSOR_IDENTIFIER=Intel64 Family 6 Model 23 Stepping 10, GenuineIntel



---------------  S Y S T E M  ---------------

OS: Windows 10.0 , 64 bit Build 14393 (10.0.14393.1198)

CPU:total 4 (4 cores per cpu, 1 threads per core) family 6 model 23 stepping 10, cmov, cx8, fxsr, mmx, sse, sse2, sse3, ssse3, sse4.1, tsc

Memory: 4k page, physical 4192492k(1240640k free), swap 9959660k(5487280k free)

vm_info: Java HotSpot(TM) 64-Bit Server VM (25.111-b14) for windows-amd64 JRE (1.8.0_111-b14), built on Sep 22 2016 19:24:05 by "java_re" with MS VC++ 10.0 (VS2010)

time: Tue Jul 25 14:21:17 2017
elapsed time: 2 seconds (0d 0h 0m 2s)

